2023-03-29 16:10:12,960 INFO o.a.j.u.JMeterUtils: Setting Locale to en_US
2023-03-29 16:10:12,980 INFO o.a.j.JMeter: Loading user properties from: /home/pablos/apache-jmeter-5.4.3/bin/user.properties
2023-03-29 16:10:12,980 INFO o.a.j.JMeter: Loading system properties from: /home/pablos/apache-jmeter-5.4.3/bin/system.properties
2023-03-29 16:10:12,993 INFO o.a.j.JMeter: Copyright (c) 1998-2021 The Apache Software Foundation
2023-03-29 16:10:12,994 INFO o.a.j.JMeter: Version 5.4.3
2023-03-29 16:10:12,994 INFO o.a.j.JMeter: java.version=1.8.0_362
2023-03-29 16:10:12,994 INFO o.a.j.JMeter: java.vm.name=OpenJDK 64-Bit Server VM
2023-03-29 16:10:12,994 INFO o.a.j.JMeter: os.name=Linux
2023-03-29 16:10:12,994 INFO o.a.j.JMeter: os.arch=amd64
2023-03-29 16:10:12,995 INFO o.a.j.JMeter: os.version=5.19.0-38-generic
2023-03-29 16:10:12,995 INFO o.a.j.JMeter: file.encoding=UTF-8
2023-03-29 16:10:12,995 INFO o.a.j.JMeter: java.awt.headless=null
2023-03-29 16:10:12,995 INFO o.a.j.JMeter: Max memory     =3702521856
2023-03-29 16:10:12,996 INFO o.a.j.JMeter: Available Processors =8
2023-03-29 16:10:13,004 INFO o.a.j.JMeter: Default Locale=English (United States)
2023-03-29 16:10:13,004 INFO o.a.j.JMeter: JMeter  Locale=English (United States)
2023-03-29 16:10:13,004 INFO o.a.j.JMeter: JMeterHome=/home/pablos/apache-jmeter-5.4.3
2023-03-29 16:10:13,005 INFO o.a.j.JMeter: user.dir  =/home/pablos/Desktop/Asignaturas/REDESII/PRACTICAS/P2
2023-03-29 16:10:13,005 INFO o.a.j.JMeter: PWD       =/home/pablos/Desktop/Asignaturas/REDESII/PRACTICAS/P2
2023-03-29 16:10:13,006 INFO o.a.j.JMeter: IP: 127.0.1.1 Name: pablosHP FullName: pablosHP
2023-03-29 16:10:13,178 INFO o.a.j.JMeter: Setting LAF to: com.github.weisj.darklaf.DarkLaf:com.github.weisj.darklaf.theme.DarculaTheme
2023-03-29 16:10:13,667 INFO o.a.j.JMeter: Loaded icon properties from org/apache/jmeter/images/icon.properties
2023-03-29 16:10:38,903 INFO o.a.j.s.FileServer: Default base='/home/pablos/Desktop/Asignaturas/REDESII/PRACTICAS/P2'
2023-03-29 16:10:38,910 INFO o.a.j.g.a.Load: Loading file: /home/pablos/Desktop/Asignaturas/SI2/PRACTICAS/P2.jmx
2023-03-29 16:10:38,911 INFO o.a.j.s.FileServer: Set new base='/home/pablos/Desktop/Asignaturas/SI2/PRACTICAS'
2023-03-29 16:10:39,096 INFO o.a.j.s.SaveService: Testplan (JMX) version: 2.2. Testlog (JTL) version: 2.2
2023-03-29 16:10:39,118 INFO o.a.j.s.SaveService: Using SaveService properties file encoding UTF-8
2023-03-29 16:10:39,120 INFO o.a.j.s.SaveService: Using SaveService properties version 5.0
2023-03-29 16:10:39,124 INFO o.a.j.s.SaveService: Loading file: /home/pablos/Desktop/Asignaturas/SI2/PRACTICAS/P2.jmx
2023-03-29 16:10:39,167 INFO o.a.j.p.h.s.HTTPSamplerBase: Parser for text/html is org.apache.jmeter.protocol.http.parser.LagartoBasedHtmlParser
2023-03-29 16:10:39,167 INFO o.a.j.p.h.s.HTTPSamplerBase: Parser for application/xhtml+xml is org.apache.jmeter.protocol.http.parser.LagartoBasedHtmlParser
2023-03-29 16:10:39,168 INFO o.a.j.p.h.s.HTTPSamplerBase: Parser for application/xml is org.apache.jmeter.protocol.http.parser.LagartoBasedHtmlParser
2023-03-29 16:10:39,168 INFO o.a.j.p.h.s.HTTPSamplerBase: Parser for text/xml is org.apache.jmeter.protocol.http.parser.LagartoBasedHtmlParser
2023-03-29 16:10:39,168 INFO o.a.j.p.h.s.HTTPSamplerBase: Parser for text/vnd.wap.wml is org.apache.jmeter.protocol.http.parser.RegexpHTMLParser
2023-03-29 16:10:39,168 INFO o.a.j.p.h.s.HTTPSamplerBase: Parser for text/css is org.apache.jmeter.protocol.http.parser.CssParser
2023-03-29 16:10:39,583 INFO o.a.j.s.SampleResult: Note: Sample TimeStamps are START times
2023-03-29 16:10:39,584 INFO o.a.j.s.SampleResult: sampleresult.default.encoding is set to ISO-8859-1
2023-03-29 16:10:39,584 INFO o.a.j.s.SampleResult: sampleresult.useNanoTime=true
2023-03-29 16:10:39,584 INFO o.a.j.s.SampleResult: sampleresult.nanoThreadSleep=5000
2023-03-29 16:10:39,785 INFO o.a.j.v.ViewResultsFullVisualizer: Add JavaFX to your Java installation if you want to use renderer: org.apache.jmeter.visualizers.RenderInBrowser
2023-03-29 16:10:39,866 INFO o.a.j.s.FileServer: Set new base='/home/pablos/Desktop/Asignaturas/SI2/PRACTICAS'
2023-03-29 16:14:25,186 INFO o.a.j.e.StandardJMeterEngine: Running the test!
2023-03-29 16:14:25,188 INFO o.a.j.s.SampleEvent: List of sample_variables: []
2023-03-29 16:14:25,188 INFO o.a.j.s.SampleEvent: List of sample_variables: []
2023-03-29 16:14:25,190 INFO o.a.j.e.u.CompoundVariable: Note: Function class names must contain the string: '.functions.'
2023-03-29 16:14:25,191 INFO o.a.j.e.u.CompoundVariable: Note: Function class names must not contain the string: '.gui.'
2023-03-29 16:14:25,525 INFO o.a.j.g.u.JMeterMenuBar: setRunning(true, *local*)
2023-03-29 16:14:25,764 INFO o.a.j.e.StandardJMeterEngine: Starting ThreadGroup: 1 : P1-base
2023-03-29 16:14:25,765 INFO o.a.j.e.StandardJMeterEngine: Starting 1 threads for group P1-base.
2023-03-29 16:14:25,765 INFO o.a.j.e.StandardJMeterEngine: Thread will continue on error
2023-03-29 16:14:25,765 INFO o.a.j.t.ThreadGroup: Starting thread group... number=1 threads=1 ramp-up=5 delayedStart=false
2023-03-29 16:14:25,773 INFO o.a.j.t.ThreadGroup: Started thread group number 1
2023-03-29 16:14:25,773 INFO o.a.j.e.StandardJMeterEngine: All thread groups have been started
2023-03-29 16:14:25,784 INFO o.a.j.t.JMeterThread: Thread started: P1-base 1-1
2023-03-29 16:14:25,789 INFO o.a.j.s.FileServer: Stored: datagen/listado.csv
2023-03-29 16:14:25,816 INFO o.a.j.p.h.s.HTTPJavaImpl: Maximum connection retries = 0
2023-03-29 16:14:30,762 INFO o.a.j.t.JMeterThread: Thread is done: P1-base 1-1
2023-03-29 16:14:30,763 INFO o.a.j.t.JMeterThread: Thread finished: P1-base 1-1
2023-03-29 16:14:30,763 INFO o.a.j.e.StandardJMeterEngine: Notifying test listeners of end of test
2023-03-29 16:14:30,763 INFO o.a.j.s.FileServer: Close: datagen/listado.csv
2023-03-29 16:14:30,766 INFO o.a.j.g.u.JMeterMenuBar: setRunning(false, *local*)
2023-03-29 16:16:16,797 INFO o.a.j.e.StandardJMeterEngine: Running the test!
2023-03-29 16:16:16,798 INFO o.a.j.s.SampleEvent: List of sample_variables: []
2023-03-29 16:16:16,830 INFO o.a.j.g.u.JMeterMenuBar: setRunning(true, *local*)
2023-03-29 16:16:17,138 INFO o.a.j.e.StandardJMeterEngine: Starting ThreadGroup: 1 : P1-ejb
2023-03-29 16:16:17,139 INFO o.a.j.e.StandardJMeterEngine: Starting 1 threads for group P1-ejb.
2023-03-29 16:16:17,139 INFO o.a.j.e.StandardJMeterEngine: Thread will continue on error
2023-03-29 16:16:17,139 INFO o.a.j.t.ThreadGroup: Starting thread group... number=1 threads=1 ramp-up=5 delayedStart=false
2023-03-29 16:16:17,140 INFO o.a.j.t.ThreadGroup: Started thread group number 1
2023-03-29 16:16:17,140 INFO o.a.j.e.StandardJMeterEngine: All thread groups have been started
2023-03-29 16:16:17,141 INFO o.a.j.t.JMeterThread: Thread started: P1-ejb 1-1
2023-03-29 16:16:17,143 INFO o.a.j.s.FileServer: Stored: datagen/listado.csv
2023-03-29 16:16:21,541 INFO o.a.j.t.JMeterThread: Thread is done: P1-ejb 1-1
2023-03-29 16:16:21,541 INFO o.a.j.t.JMeterThread: Thread finished: P1-ejb 1-1
2023-03-29 16:16:21,541 INFO o.a.j.e.StandardJMeterEngine: Notifying test listeners of end of test
2023-03-29 16:16:21,542 INFO o.a.j.s.FileServer: Close: datagen/listado.csv
2023-03-29 16:16:21,543 INFO o.a.j.g.u.JMeterMenuBar: setRunning(false, *local*)
2023-03-29 16:17:15,422 INFO o.a.j.e.StandardJMeterEngine: Running the test!
2023-03-29 16:17:15,423 INFO o.a.j.s.SampleEvent: List of sample_variables: []
2023-03-29 16:17:15,448 INFO o.a.j.g.u.JMeterMenuBar: setRunning(true, *local*)
2023-03-29 16:17:15,623 INFO o.a.j.e.StandardJMeterEngine: Starting ThreadGroup: 1 : P1-ejb
2023-03-29 16:17:15,624 INFO o.a.j.e.StandardJMeterEngine: Starting 1 threads for group P1-ejb.
2023-03-29 16:17:15,625 INFO o.a.j.e.StandardJMeterEngine: Thread will continue on error
2023-03-29 16:17:15,625 INFO o.a.j.t.ThreadGroup: Starting thread group... number=1 threads=1 ramp-up=5 delayedStart=false
2023-03-29 16:17:15,626 INFO o.a.j.t.ThreadGroup: Started thread group number 1
2023-03-29 16:17:15,626 INFO o.a.j.e.StandardJMeterEngine: All thread groups have been started
2023-03-29 16:17:15,627 INFO o.a.j.t.JMeterThread: Thread started: P1-ejb 1-1
2023-03-29 16:17:15,628 INFO o.a.j.s.FileServer: Stored: datagen/listado.csv
2023-03-29 16:17:19,736 INFO o.a.j.t.JMeterThread: Thread is done: P1-ejb 1-1
2023-03-29 16:17:19,736 INFO o.a.j.t.JMeterThread: Thread finished: P1-ejb 1-1
2023-03-29 16:17:19,736 INFO o.a.j.e.StandardJMeterEngine: Notifying test listeners of end of test
2023-03-29 16:17:19,737 INFO o.a.j.s.FileServer: Close: datagen/listado.csv
2023-03-29 16:17:19,738 INFO o.a.j.g.u.JMeterMenuBar: setRunning(false, *local*)
2023-03-29 16:18:50,277 INFO o.a.j.e.StandardJMeterEngine: Running the test!
2023-03-29 16:18:50,278 INFO o.a.j.s.SampleEvent: List of sample_variables: []
2023-03-29 16:18:50,302 INFO o.a.j.g.u.JMeterMenuBar: setRunning(true, *local*)
2023-03-29 16:18:50,513 INFO o.a.j.e.StandardJMeterEngine: Starting ThreadGroup: 1 : P1-ws
2023-03-29 16:18:50,513 INFO o.a.j.e.StandardJMeterEngine: Starting 1 threads for group P1-ws.
2023-03-29 16:18:50,513 INFO o.a.j.e.StandardJMeterEngine: Thread will continue on error
2023-03-29 16:18:50,513 INFO o.a.j.t.ThreadGroup: Starting thread group... number=1 threads=1 ramp-up=5 delayedStart=false
2023-03-29 16:18:50,515 INFO o.a.j.t.ThreadGroup: Started thread group number 1
2023-03-29 16:18:50,516 INFO o.a.j.e.StandardJMeterEngine: All thread groups have been started
2023-03-29 16:18:50,516 INFO o.a.j.t.JMeterThread: Thread started: P1-ws 1-1
2023-03-29 16:18:50,518 INFO o.a.j.s.FileServer: Stored: datagen/listado.csv
2023-03-29 16:19:47,441 INFO o.a.j.t.JMeterThread: Thread is done: P1-ws 1-1
2023-03-29 16:19:47,441 INFO o.a.j.t.JMeterThread: Thread finished: P1-ws 1-1
2023-03-29 16:19:47,441 INFO o.a.j.e.StandardJMeterEngine: Notifying test listeners of end of test
2023-03-29 16:19:47,442 INFO o.a.j.s.FileServer: Close: datagen/listado.csv
2023-03-29 16:19:47,444 INFO o.a.j.g.u.JMeterMenuBar: setRunning(false, *local*)
2023-03-29 16:21:23,664 INFO o.a.j.e.StandardJMeterEngine: Running the test!
2023-03-29 16:21:23,665 INFO o.a.j.s.SampleEvent: List of sample_variables: []
2023-03-29 16:21:23,669 INFO o.a.j.g.u.JMeterMenuBar: setRunning(true, *local*)
2023-03-29 16:21:23,905 INFO o.a.j.e.StandardJMeterEngine: Starting ThreadGroup: 1 : P1-base
2023-03-29 16:21:23,906 INFO o.a.j.e.StandardJMeterEngine: Starting 1 threads for group P1-base.
2023-03-29 16:21:23,906 INFO o.a.j.e.StandardJMeterEngine: Thread will continue on error
2023-03-29 16:21:23,906 INFO o.a.j.t.ThreadGroup: Starting thread group... number=1 threads=1 ramp-up=5 delayedStart=false
2023-03-29 16:21:23,907 INFO o.a.j.t.ThreadGroup: Started thread group number 1
2023-03-29 16:21:23,907 INFO o.a.j.e.StandardJMeterEngine: Waiting for thread group: P1-base to finish before starting next group
2023-03-29 16:21:23,908 INFO o.a.j.t.JMeterThread: Thread started: P1-base 1-1
2023-03-29 16:21:23,908 INFO o.a.j.s.FileServer: Stored: datagen/listado.csv
2023-03-29 16:21:28,049 INFO o.a.j.t.JMeterThread: Thread is done: P1-base 1-1
2023-03-29 16:21:28,049 INFO o.a.j.t.JMeterThread: Thread finished: P1-base 1-1
2023-03-29 16:21:28,050 INFO o.a.j.e.StandardJMeterEngine: Starting ThreadGroup: 2 : P1-ejb
2023-03-29 16:21:28,050 INFO o.a.j.e.StandardJMeterEngine: Starting 1 threads for group P1-ejb.
2023-03-29 16:21:28,050 INFO o.a.j.e.StandardJMeterEngine: Thread will continue on error
2023-03-29 16:21:28,050 INFO o.a.j.t.ThreadGroup: Starting thread group... number=2 threads=1 ramp-up=5 delayedStart=false
2023-03-29 16:21:28,051 INFO o.a.j.t.ThreadGroup: Started thread group number 2
2023-03-29 16:21:28,051 INFO o.a.j.e.StandardJMeterEngine: Waiting for thread group: P1-ejb to finish before starting next group
2023-03-29 16:21:28,052 INFO o.a.j.t.JMeterThread: Thread started: P1-ejb 2-1
2023-03-29 16:21:31,946 INFO o.a.j.t.JMeterThread: Thread is done: P1-ejb 2-1
2023-03-29 16:21:31,947 INFO o.a.j.t.JMeterThread: Thread finished: P1-ejb 2-1
2023-03-29 16:21:31,947 INFO o.a.j.e.StandardJMeterEngine: Starting ThreadGroup: 3 : P1-ws
2023-03-29 16:21:31,947 INFO o.a.j.e.StandardJMeterEngine: Starting 1 threads for group P1-ws.
2023-03-29 16:21:31,947 INFO o.a.j.e.StandardJMeterEngine: Thread will continue on error
2023-03-29 16:21:31,948 INFO o.a.j.t.ThreadGroup: Starting thread group... number=3 threads=1 ramp-up=5 delayedStart=false
2023-03-29 16:21:31,948 INFO o.a.j.t.ThreadGroup: Started thread group number 3
2023-03-29 16:21:31,948 INFO o.a.j.e.StandardJMeterEngine: All thread groups have been started
2023-03-29 16:21:31,949 INFO o.a.j.t.JMeterThread: Thread started: P1-ws 3-1
2023-03-29 16:22:24,800 INFO o.a.j.t.JMeterThread: Thread is done: P1-ws 3-1
2023-03-29 16:22:24,801 INFO o.a.j.t.JMeterThread: Thread finished: P1-ws 3-1
2023-03-29 16:22:24,801 INFO o.a.j.e.StandardJMeterEngine: Notifying test listeners of end of test
2023-03-29 16:22:24,801 INFO o.a.j.s.FileServer: Close: datagen/listado.csv
2023-03-29 16:22:24,803 INFO o.a.j.g.u.JMeterMenuBar: setRunning(false, *local*)
